c:\repo\bustle\build\vc140.pdb
c:\repo\bustle\build\vc140.idb
c:\repo\bustle\build\displayhandler.obj
c:\repo\bustle\build\gamemanager.obj
c:\repo\bustle\build\gameobject.obj
c:\repo\bustle\build\gamestate.obj
c:\repo\bustle\build\kinematic.obj
c:\repo\bustle\build\main.obj
c:\repo\bustle\build\mesh.obj
c:\repo\bustle\build\m_controller.obj
c:\repo\bustle\build\particle.obj
c:\repo\bustle\build\passenger.obj
c:\repo\bustle\build\player.obj
c:\repo\bustle\build\sprite.obj
c:\repo\bustle\build\state_bullettest.obj
c:\repo\bustle\build\state_endround.obj
c:\repo\bustle\build\state_gameplay.obj
c:\repo\bustle\build\state_loading.obj
c:\repo\bustle\build\state_mainmenu.obj
c:\repo\bustle\build\state_tutorial.obj
c:\repo\bustle\build\texture2d.obj
c:\repo\bustle\build\btdiscretedynamicsworld.obj
c:\repo\bustle\build\assetmanager.obj
c:\repo\bustle\build\audioengine.obj
c:\repo\bustle\build\collision.obj
c:\repo\bustle\build\collisionboxes.obj
c:\repo\bustle\build\debugmanager.obj
c:\repo\bustle\bin\bustle.ilk
c:\repo\bustle\bin\bustle.exe
c:\repo\bustle\bin\bustle.pdb
c:\repo\bustle\\bin\bustle.pdb
c:\repo\bustle\\bin\bustle.exe
c:\repo\bustle\\bin\bustle.ilk
c:\repo\bustle\build\bustle.tlog\cl.command.1.tlog
c:\repo\bustle\build\bustle.tlog\cl.read.1.tlog
c:\repo\bustle\build\bustle.tlog\cl.write.1.tlog
c:\repo\bustle\build\bustle.tlog\link.command.1.tlog
c:\repo\bustle\build\bustle.tlog\link.read.1.tlog
c:\repo\bustle\build\bustle.tlog\link.write.1.tlog
